0 info it worked if it ends with ok
1 verbose cli [ '/usr/local/bin/node',
1 verbose cli   '/usr/local/bin/npm',
1 verbose cli   'install',
1 verbose cli   'vue-auto-focus' ]
2 info using npm@3.8.3
3 info using node@v5.10.1
4 silly loadCurrentTree Starting
5 silly install loadCurrentTree
6 silly install readLocalPackageData
7 silly fetchPackageMetaData vue-auto-focus
8 silly fetchNamedPackageData vue-auto-focus
9 silly mapToRegistry name vue-auto-focus
10 silly mapToRegistry using default registry
11 silly mapToRegistry registry http://registry.npmjs.org/
12 silly mapToRegistry data Result {
12 silly mapToRegistry   raw: 'vue-auto-focus',
12 silly mapToRegistry   scope: null,
12 silly mapToRegistry   name: 'vue-auto-focus',
12 silly mapToRegistry   rawSpec: '',
12 silly mapToRegistry   spec: 'latest',
12 silly mapToRegistry   type: 'tag' }
13 silly mapToRegistry uri http://registry.npmjs.org/vue-auto-focus
14 verbose request uri http://registry.npmjs.org/vue-auto-focus
15 verbose request no auth needed
16 info attempt registry request try #1 at 7:49:34 PM
17 verbose request using bearer token for auth
18 verbose request id ac6167b247ea2a15
19 verbose etag W/"587a0fca-1a96"
20 verbose lastModified Sat, 14 Jan 2017 11:47:22 GMT
21 http request GET http://registry.npmjs.org/vue-auto-focus
22 http 304 http://registry.npmjs.org/vue-auto-focus
23 verbose headers { server: 'nginx/1.10.1',
23 verbose headers   'last-modified': 'Sat, 14 Jan 2017 11:47:22 GMT',
23 verbose headers   etag: '"587a0fca-1a96"',
23 verbose headers   'cache-control': 'max-age=300',
23 verbose headers   'accept-ranges': 'bytes',
23 verbose headers   date: 'Sat, 14 Jan 2017 11:49:34 GMT',
23 verbose headers   via: '1.1 varnish',
23 verbose headers   connection: 'keep-alive',
23 verbose headers   'x-served-by': 'cache-hkg6820-HKG',
23 verbose headers   'x-cache': 'MISS',
23 verbose headers   'x-cache-hits': '0',
23 verbose headers   'x-timer': 'S1484394574.018658,VS0,VE180',
23 verbose headers   vary: 'Accept-Encoding' }
24 silly get cb [ 304,
24 silly get   { server: 'nginx/1.10.1',
24 silly get     'last-modified': 'Sat, 14 Jan 2017 11:47:22 GMT',
24 silly get     etag: '"587a0fca-1a96"',
24 silly get     'cache-control': 'max-age=300',
24 silly get     'accept-ranges': 'bytes',
24 silly get     date: 'Sat, 14 Jan 2017 11:49:34 GMT',
24 silly get     via: '1.1 varnish',
24 silly get     connection: 'keep-alive',
24 silly get     'x-served-by': 'cache-hkg6820-HKG',
24 silly get     'x-cache': 'MISS',
24 silly get     'x-cache-hits': '0',
24 silly get     'x-timer': 'S1484394574.018658,VS0,VE180',
24 silly get     vary: 'Accept-Encoding' } ]
25 verbose etag http://registry.npmjs.org/vue-auto-focus from cache
26 verbose get saving vue-auto-focus to /Users/xielixuan/.npm/registry.npmjs.org/vue-auto-focus/.cache.json
27 verbose correctMkdir /Users/xielixuan/.npm correctMkdir not in flight; initializing
28 silly install normalizeTree
29 silly loadCurrentTree Finishing
30 silly loadIdealTree Starting
31 silly install loadIdealTree
32 silly cloneCurrentTree Starting
33 silly install cloneCurrentTreeToIdealTree
34 silly cloneCurrentTree Finishing
35 silly loadShrinkwrap Starting
36 silly install loadShrinkwrap
37 silly loadShrinkwrap Finishing
38 silly loadAllDepsIntoIdealTree Starting
39 silly install loadAllDepsIntoIdealTree
40 silly rollbackFailedOptional Starting
41 silly rollbackFailedOptional Finishing
42 silly runTopLevelLifecycles Starting
43 silly runTopLevelLifecycles Finishing
44 silly install printInstalled
45 verbose stack Error: Refusing to install vue-auto-focus as a dependency of itself
45 verbose stack     at checkSelf (/usr/local/lib/node_modules/npm/lib/install/validate-args.js:53:14)
45 verbose stack     at Array.<anonymous> (/usr/local/lib/node_modules/npm/node_modules/slide/lib/bind-actor.js:15:8)
45 verbose stack     at LOOP (/usr/local/lib/node_modules/npm/node_modules/slide/lib/chain.js:15:14)
45 verbose stack     at chain (/usr/local/lib/node_modules/npm/node_modules/slide/lib/chain.js:20:5)
45 verbose stack     at /usr/local/lib/node_modules/npm/lib/install/validate-args.js:16:5
45 verbose stack     at /usr/local/lib/node_modules/npm/node_modules/slide/lib/async-map.js:52:35
45 verbose stack     at Array.forEach (native)
45 verbose stack     at /usr/local/lib/node_modules/npm/node_modules/slide/lib/async-map.js:52:11
45 verbose stack     at Array.forEach (native)
45 verbose stack     at asyncMap (/usr/local/lib/node_modules/npm/node_modules/slide/lib/async-map.js:51:8)
46 verbose cwd /Users/xielixuan/project/vue-auto-focus
47 error Darwin 16.1.0
48 error argv "/usr/local/bin/node" "/usr/local/bin/npm" "install" "vue-auto-focus"
49 error node v5.10.1
50 error npm  v3.8.3
51 error code ENOSELF
52 error Refusing to install vue-auto-focus as a dependency of itself
53 error If you need help, you may report this error at:
53 error     <https://github.com/npm/npm/issues>
54 verbose exit [ 1, true ]
